<?xml version="1.0" encoding="UTF-8"?>
<testsuites>
  <testsuite name="CodeIgniter Application Test Suite" tests="5" assertions="5" failures="0" errors="0" time="0.048862">
    <testsuite name="FundoAPI_test" file="/var/www/html/codeigniter/application/tests/controllers/FundoAPI_test.php" tests="5" assertions="5" failures="0" errors="0" time="0.048862">
      <testcase name="testLoginFirstCase" class="FundoAPI_test" file="/var/www/html/codeigniter/application/tests/controllers/FundoAPI_test.php" line="6" assertions="1" time="0.015852"/>
      <testcase name="testLoginSecondCase" class="FundoAPI_test" file="/var/www/html/codeigniter/application/tests/controllers/FundoAPI_test.php" line="17" assertions="1" time="0.007358"/>
      <testcase name="testLoginThirdCase" class="FundoAPI_test" file="/var/www/html/codeigniter/application/tests/controllers/FundoAPI_test.php" line="28" assertions="1" time="0.008371"/>
      <testcase name="testLoginFourthCase" class="FundoAPI_test" file="/var/www/html/codeigniter/application/tests/controllers/FundoAPI_test.php" line="39" assertions="1" time="0.007898"/>
      <testcase name="testRegistrationFirstCase" class="FundoAPI_test" file="/var/www/html/codeigniter/application/tests/controllers/FundoAPI_test.php" line="50" assertions="1" time="0.009383"/>
    </testsuite>
  </testsuite>
</testsuites>
