<?xml version="1.0" encoding="UTF-8"?>
<testsuites>
  <testsuite name="CodeIgniter Application Test Suite" tests="5" assertions="5" failures="0" errors="0" time="0.050474">
    <testsuite name="FundoAPI_test" file="/var/www/html/codeigniter/application/tests/controllers/FundoAPI_test.php" tests="5" assertions="5" failures="0" errors="0" time="0.050474">
      <testcase name="testLoginFirstCase" class="FundoAPI_test" file="/var/www/html/codeigniter/application/tests/controllers/FundoAPI_test.php" line="7" assertions="1" time="0.016967"/>
      <testcase name="testLoginSecondCase" class="FundoAPI_test" file="/var/www/html/codeigniter/application/tests/controllers/FundoAPI_test.php" line="18" assertions="1" time="0.008010"/>
      <testcase name="testLoginThirdCase" class="FundoAPI_test" file="/var/www/html/codeigniter/application/tests/controllers/FundoAPI_test.php" line="29" assertions="1" time="0.008272"/>
      <testcase name="testLoginFourthCase" class="FundoAPI_test" file="/var/www/html/codeigniter/application/tests/controllers/FundoAPI_test.php" line="40" assertions="1" time="0.008522"/>
      <testcase name="testRegistrationFirstCase" class="FundoAPI_test" file="/var/www/html/codeigniter/application/tests/controllers/FundoAPI_test.php" line="51" assertions="1" time="0.008703"/>
    </testsuite>
  </testsuite>
</testsuites>
